<?xml version="1.0" encoding="UTF-8"?>
<testng-results ignored="0" total="1" passed="0" failed="1" skipped="0">
  <reporter-output>
  </reporter-output>
  <suite started-at="2024-08-07T13:44:29 IST" name="Surefire suite" finished-at="2024-08-07T13:45:05 IST" duration-ms="36525">
    <groups>
      <group name="cucumber">
        <method signature="AbstractTestNGCucumberTests.runScenario(io.cucumber.testng.PickleWrapper,io.cucumber.testng.FeatureWrapper)[pri:0, instance:rnner.definitons@17046283]" name="runScenario" class="io.cucumber.testng.AbstractTestNGCucumberTests"/>
      </group> <!-- cucumber -->
    </groups>
    <test started-at="2024-08-07T13:44:29 IST" name="Surefire test" finished-at="2024-08-07T13:45:05 IST" duration-ms="36525">
      <class name="rnner.definitons">
        <test-method is-config="true" signature="setUpClass(org.testng.ITestContext)[pri:0, instance:rnner.definitons@17046283]" started-at="2024-08-07T13:44:29 IST" name="setUpClass" finished-at="2024-08-07T13:44:29 IST" duration-ms="655" status="PASS">
          <params>
            <param index="0">
              <value>
                <![CDATA[org.testng.TestRunner@44f9779c]]>
              </value>
            </param>
          </params>
          <reporter-output>
          </reporter-output>
        </test-method> <!-- setUpClass -->
        <test-method signature="runScenario(io.cucumber.testng.PickleWrapper,io.cucumber.testng.FeatureWrapper)[pri:0, instance:rnner.definitons@17046283]" started-at="2024-08-07T13:44:30 IST" name="runScenario" description="Runs Cucumber Scenarios" data-provider="scenarios" finished-at="2024-08-07T13:45:05 IST" duration-ms="35753" status="FAIL">
          <params>
            <param index="0">
              <value>
                <![CDATA["Validate the working of Opinion functionality"]]>
              </value>
            </param>
            <param index="1">
              <value>
                <![CDATA["Second Opinion"]]>
              </value>
            </param>
          </params>
          <exception class="org.openqa.selenium.NoSuchElementException">
            <message>
              <![CDATA[Unable to locate element: //h1[.='Thank you']
For documentation on this error, please visit: https://www.selenium.dev/documentation/webdriver/troubleshooting/errors#no-such-element-exception
Build info: version: '4.23.0', revision: '4df0a231af'
System info: os.name: 'Windows 11', os.arch: 'amd64', os.version: '10.0', java.version: '22.0.1'
Driver info: org.openqa.selenium.firefox.FirefoxDriver
Command: [361c5b84-6851-46f8-be6f-4e6f891827f7, findElement {using=xpath, value=//h1[.='Thank you']}]
Capabilities {acceptInsecureCerts: true, browserName: firefox, browserVersion: 129.0, moz:accessibilityChecks: false, moz:buildID: 20240801122119, moz:debuggerAddress: 127.0.0.1:23215, moz:geckodriverVersion: 0.35.0, moz:headless: false, moz:platformVersion: 10.0, moz:processID: 18524, moz:profile: C:\Users\PRINCE~1\AppData\L..., moz:shutdownTimeout: 60000, moz:webdriverClick: true, moz:windowless: false, pageLoadStrategy: normal, platformName: windows, proxy: Proxy(), se:cdp: ws://127.0.0.1:23215/devtoo..., se:cdpVersion: 85.0, setWindowRect: true, strictFileInteractability: false, timeouts: {implicit: 0, pageLoad: 300000, script: 30000}, unhandledPromptBehavior: dismiss and notify, userAgent: Mozilla/5.0 (Windows NT 10....}
Session ID: 361c5b84-6851-46f8-be6f-4e6f891827f7]]>
            </message>
            <full-stacktrace>
              <![CDATA[org.openqa.selenium.NoSuchElementException: Unable to locate element: //h1[.='Thank you']
For documentation on this error, please visit: https://www.selenium.dev/documentation/webdriver/troubleshooting/errors#no-such-element-exception
Build info: version: '4.23.0', revision: '4df0a231af'
System info: os.name: 'Windows 11', os.arch: 'amd64', os.version: '10.0', java.version: '22.0.1'
Driver info: org.openqa.selenium.firefox.FirefoxDriver
Command: [361c5b84-6851-46f8-be6f-4e6f891827f7, findElement {using=xpath, value=//h1[.='Thank you']}]
Capabilities {acceptInsecureCerts: true, browserName: firefox, browserVersion: 129.0, moz:accessibilityChecks: false, moz:buildID: 20240801122119, moz:debuggerAddress: 127.0.0.1:23215, moz:geckodriverVersion: 0.35.0, moz:headless: false, moz:platformVersion: 10.0, moz:processID: 18524, moz:profile: C:\Users\PRINCE~1\AppData\L..., moz:shutdownTimeout: 60000, moz:webdriverClick: true, moz:windowless: false, pageLoadStrategy: normal, platformName: windows, proxy: Proxy(), se:cdp: ws://127.0.0.1:23215/devtoo..., se:cdpVersion: 85.0, setWindowRect: true, strictFileInteractability: false, timeouts: {implicit: 0, pageLoad: 300000, script: 30000}, unhandledPromptBehavior: dismiss and notify, userAgent: Mozilla/5.0 (Windows NT 10....}
Session ID: 361c5b84-6851-46f8-be6f-4e6f891827f7
at java.base/jdk.internal.reflect.DirectConstructorHandleAccessor.newInstance(DirectConstructorHandleAccessor.java:62)
at java.base/java.lang.reflect.Constructor.newInstanceWithCaller(Constructor.java:502)
at java.base/java.lang.reflect.Constructor.newInstance(Constructor.java:486)
at org.openqa.selenium.remote.ErrorCodec.decode(ErrorCodec.java:167)
at org.openqa.selenium.remote.codec.w3c.W3CHttpResponseCodec.decode(W3CHttpResponseCodec.java:138)
at org.openqa.selenium.remote.codec.w3c.W3CHttpResponseCodec.decode(W3CHttpResponseCodec.java:50)
at org.openqa.selenium.remote.HttpCommandExecutor.execute(HttpCommandExecutor.java:190)
at org.openqa.selenium.remote.service.DriverCommandExecutor.invokeExecute(DriverCommandExecutor.java:216)
at org.openqa.selenium.remote.service.DriverCommandExecutor.execute(DriverCommandExecutor.java:174)
at org.openqa.selenium.remote.RemoteWebDriver.execute(RemoteWebDriver.java:527)
at org.openqa.selenium.remote.ElementLocation$ElementFinder$2.findElement(ElementLocation.java:165)
at org.openqa.selenium.remote.ElementLocation.findElement(ElementLocation.java:59)
at org.openqa.selenium.remote.RemoteWebDriver.findElement(RemoteWebDriver.java:357)
at org.openqa.selenium.remote.RemoteWebDriver.findElement(RemoteWebDriver.java:351)
at Steps.SecondOpinion.thank_you_should_have_in_displayed(SecondOpinion.java:94)
at ✽.Thank you should have in displayed(file:///C:/Users/Prince%20Raj/Documents/workspace-spring-tool-suite-4-4.23.1.RELEASE/TSTNGCCMBR/src/test/resources/sparsh/Secondopioin.feature:18)
]]>
            </full-stacktrace>
          </exception> <!-- org.openqa.selenium.NoSuchElementException -->
          <reporter-output>
          </reporter-output>
        </test-method> <!-- runScenario -->
        <test-method is-config="true" signature="tearDownClass()[pri:0, instance:rnner.definitons@17046283]" started-at="2024-08-07T13:45:05 IST" name="tearDownClass" finished-at="2024-08-07T13:45:05 IST" duration-ms="4" status="PASS">
          <reporter-output>
          </reporter-output>
        </test-method> <!-- tearDownClass -->
      </class> <!-- rnner.definitons -->
    </test> <!-- Surefire test -->
  </suite> <!-- Surefire suite -->
</testng-results>
