<?xml version="1.0" encoding="UTF-8"?>
<testng-results ignored="0" total="1" passed="1" failed="0" skipped="0">
  <reporter-output>
  </reporter-output>
  <suite started-at="2024-08-07T13:41:52 IST" name="Default suite" finished-at="2024-08-07T13:42:26 IST" duration-ms="34314">
    <groups>
      <group name="cucumber">
        <method signature="AbstractTestNGCucumberTests.runScenario(io.cucumber.testng.PickleWrapper,io.cucumber.testng.FeatureWrapper)[pri:0, instance:rnner.definitons@7d9d0818]" name="runScenario" class="io.cucumber.testng.AbstractTestNGCucumberTests"/>
      </group> <!-- cucumber -->
    </groups>
    <test started-at="2024-08-07T13:41:52 IST" name="Default test" finished-at="2024-08-07T13:42:26 IST" duration-ms="34314">
      <class name="rnner.definitons">
        <test-method is-config="true" signature="setUpClass(org.testng.ITestContext)[pri:0, instance:rnner.definitons@7d9d0818]" started-at="2024-08-07T13:41:52 IST" name="setUpClass" finished-at="2024-08-07T13:41:53 IST" duration-ms="627" status="PASS">
          <params>
            <param index="0">
              <value>
                <![CDATA[org.testng.TestRunner@44de0113]]>
              </value>
            </param>
          </params>
          <reporter-output>
          </reporter-output>
        </test-method> <!-- setUpClass -->
        <test-method signature="runScenario(io.cucumber.testng.PickleWrapper,io.cucumber.testng.FeatureWrapper)[pri:0, instance:rnner.definitons@7d9d0818]" started-at="2024-08-07T13:41:53 IST" name="runScenario" description="Runs Cucumber Scenarios" data-provider="scenarios" finished-at="2024-08-07T13:42:26 IST" duration-ms="33537" status="PASS">
          <params>
            <param index="0">
              <value>
                <![CDATA["Validate the working of Opinion functionality"]]>
              </value>
            </param>
            <param index="1">
              <value>
                <![CDATA["Second Opinion"]]>
              </value>
            </param>
          </params>
          <reporter-output>
          </reporter-output>
        </test-method> <!-- runScenario -->
        <test-method is-config="true" signature="tearDownClass()[pri:0, instance:rnner.definitons@7d9d0818]" started-at="2024-08-07T13:42:26 IST" name="tearDownClass" finished-at="2024-08-07T13:42:26 IST" duration-ms="5" status="PASS">
          <reporter-output>
          </reporter-output>
        </test-method> <!-- tearDownClass -->
      </class> <!-- rnner.definitons -->
    </test> <!-- Default test -->
  </suite> <!-- Default suite -->
</testng-results>
